[INFO       | noti_bot.py: 157		] 2020-12-28 13:33:21,245 > Starting...
[INFO       | noti_bot.py: 161		] 2020-12-28 13:33:25,566 > End...
[INFO       | noti_bot.py: 159		] 2020-12-28 13:39:19,605 > Starting...
[INFO       | noti_bot.py: 148		] 2020-12-28 13:39:19,608 > 65311700 : 본공고 용역 홈페이지
[INFO       | noti_bot.py: 148		] 2020-12-28 13:39:20,756 > 65311700 : 사전규격 용역 구축
[INFO       | noti_bot.py: 148		] 2020-12-28 13:39:21,259 > 65311700 : 사전규격 용역 용역
[INFO       | noti_bot.py: 148		] 2020-12-28 13:39:21,766 > 65311700 : 사전규격 용역 홈페이지
[INFO       | noti_bot.py: 163		] 2020-12-28 13:39:22,287 > End...
[INFO       | noti_bot.py: 159		] 2020-12-28 13:43:02,766 > Starting...
[INFO       | noti_bot.py: 148		] 2020-12-28 13:43:02,768 > 65311700 : 본공고 용역 홈페이지
[INFO       | noti_bot.py: 148		] 2020-12-28 13:43:03,930 > 65311700 : 사전규격 용역 구축
[INFO       | noti_bot.py: 148		] 2020-12-28 13:43:04,462 > 65311700 : 사전규격 용역 용역
[INFO       | noti_bot.py: 148		] 2020-12-28 13:43:04,968 > 65311700 : 사전규격 용역 홈페이지
[INFO       | noti_bot.py: 163		] 2020-12-28 13:43:05,484 > End...
[INFO       | noti_bot.py: 159		] 2020-12-28 15:00:02,141 > Starting...
[INFO       | noti_bot.py: 148		] 2020-12-28 15:00:02,145 > 65311700 : 본공고 용역 홈페이지
[INFO       | noti_bot.py: 148		] 2020-12-28 15:00:03,329 > 65311700 : 사전규격 용역 구축
[INFO       | noti_bot.py: 148		] 2020-12-28 15:00:03,830 > 65311700 : 사전규격 용역 용역
[INFO       | noti_bot.py: 148		] 2020-12-28 15:00:04,358 > 65311700 : 사전규격 용역 홈페이지
[INFO       | noti_bot.py: 163		] 2020-12-28 15:00:04,841 > End...
[INFO       | noti_bot.py: 159		] 2020-12-28 17:00:02,766 > Starting...
[INFO       | noti_bot.py: 148		] 2020-12-28 17:00:02,773 > 65311700 : 본공고 용역 홈페이지
[INFO       | noti_bot.py: 148		] 2020-12-28 17:00:04,708 > 65311700 : 사전규격 용역 구축
[INFO       | noti_bot.py: 148		] 2020-12-28 17:00:05,318 > 65311700 : 사전규격 용역 용역
[INFO       | noti_bot.py: 148		] 2020-12-28 17:00:05,937 > 65311700 : 사전규격 용역 홈페이지
[INFO       | noti_bot.py: 163		] 2020-12-28 17:00:06,502 > End...
[INFO       | noti_bot.py: 159		] 2020-12-29 09:00:02,531 > Starting...
[INFO       | noti_bot.py: 148		] 2020-12-29 09:00:02,534 > 65311700 : 본공고 용역 홈페이지
[INFO       | noti_bot.py: 148		] 2020-12-29 09:00:05,668 > 65311700 : 사전규격 용역 구축
[INFO       | noti_bot.py: 148		] 2020-12-29 09:00:06,542 > 65311700 : 사전규격 용역 용역
[INFO       | noti_bot.py: 148		] 2020-12-29 09:00:07,036 > 65311700 : 사전규격 용역 홈페이지
[INFO       | noti_bot.py: 163		] 2020-12-29 09:00:07,509 > End...
[INFO       | noti_bot.py: 159		] 2020-12-29 12:00:03,280 > Starting...
[INFO       | noti_bot.py: 148		] 2020-12-29 12:00:03,290 > 65311700 : 본공고 용역 홈페이지
[INFO       | noti_bot.py: 148		] 2020-12-29 12:00:06,245 > 65311700 : 사전규격 용역 구축
[INFO       | noti_bot.py: 148		] 2020-12-29 12:00:06,828 > 65311700 : 사전규격 용역 용역
[INFO       | noti_bot.py: 148		] 2020-12-29 12:00:07,490 > 65311700 : 사전규격 용역 홈페이지
[INFO       | noti_bot.py: 163		] 2020-12-29 12:00:07,959 > End...
